#
# A fatal error has been detected by the Java Runtime Environment:
#
#  EXCEPTION_ACCESS_VIOLATION (0xc0000005) at pc=0x000000006f66a6a5, pid=15932, tid=16120
#
# JRE version: Java(TM) SE Runtime Environment (8.0_31-b13) (build 1.8.0_31-b13)
# Java VM: Java HotSpot(TM) 64-Bit Server VM (25.31-b07 mixed mode windows-amd64 compressed oops)
# Problematic frame:
# V  [jvm.dll+0x11a6a5]
#
# Failed to write core dump. Minidumps are not enabled by default on client versions of Windows
#
# If you would like to submit a bug report, please visit:
#   http://bugreport.java.com/bugreport/crash.jsp
#

---------------  T H R E A D  ---------------

Current thread (0x000000001d355000):  JavaThread "JDWP Transport Listener: dt_socket" daemon [_thread_in_vm, id=16120, stack(0x000000001eba0000,0x000000001eca0000)]

siginfo: ExceptionCode=0xc0000005, reading address 0xffffffffffffffff

Registers:
RAX=0x000000001ec9f801, RBX=0x000000001d355000, RCX=0x56003b3e3b54543c, RDX=0x0000000000000000
RSP=0x000000001ec9f860, RBP=0x56003b3e3b54543c, RSI=0x000000001ec9f978, RDI=0x0000000002148f80
R8 =0x000000001d355000, R9 =0x0000000000000700, R10=0x0000000000000000, R11=0x0000007500100016
R12=0x0000000000000000, R13=0x000000001d355bc8, R14=0x0000000000000000, R15=0x0000000000000000
RIP=0x000000006f66a6a5, EFLAGS=0x0000000000010206

Top of Stack: (sp=0x000000001ec9f860)
0x000000001ec9f860:   000000001d355000 000000001d355000
0x000000001ec9f870:   000000001ec9f928 000000006f867c1b
0x000000001ec9f880:   000000001d355000 000000006f88447d
0x000000001ec9f890:   0000000000000000 000000006ccb9149
0x000000001ec9f8a0:   000000001d4885d0 000000006ccc2912
0x000000001ec9f8b0:   000000001d355000 0000000000000000
0x000000001ec9f8c0:   0000000000000000 0000000000000000
0x000000001ec9f8d0:   56003b3e3b54543c 000000006ccc1a09
0x000000001ec9f8e0:   000000001ec9f978 000000001ec9f950
0x000000001ec9f8f0:   0000000000000001 000000001d4885d0
0x000000001ec9f900:   56003b3e3b54543c 000000006cca53b3
0x000000001ec9f910:   000000001ec9fa40 0000000000000001
0x000000001ec9f920:   0000000000000001 000000001d4885d0
0x000000001ec9f930:   000000000000008a 0000000000000000
0x000000001ec9f940:   0000000000000000 0000000000000000
0x000000001ec9f950:   0000000000000001 000000006cca5571 

Instructions: (pc=0x000000006f66a6a5)
0x000000006f66a685:   cc cc cc cc cc cc cc cc cc cc cc 48 83 ec 28 48
0x000000006f66a695:   85 c9 75 07 33 c0 48 83 c4 28 c3 48 89 5c 24 20
0x000000006f66a6a5:   48 8b 19 48 85 db 74 20 48 83 fb 37 74 1a 48 8b
0x000000006f66a6b5:   13 48 8b cb ff 52 10 84 c0 74 0d 48 8b c3 48 8b 


Register to memory mapping:

RAX=0x000000001ec9f801 is pointing into the stack for thread: 0x000000001d355000
RBX=0x000000001d355000 is a thread
RCX=0x56003b3e3b54543c is an unknown value
RDX=0x0000000000000000 is an unknown value
RSP=0x000000001ec9f860 is pointing into the stack for thread: 0x000000001d355000
RBP=0x56003b3e3b54543c is an unknown value
RSI=0x000000001ec9f978 is pointing into the stack for thread: 0x000000001d355000
RDI=0x0000000002148f80 is an unknown value
R8 =0x000000001d355000 is a thread
R9 =0x0000000000000700 is an unknown value
R10=0x0000000000000000 is an unknown value
R11=0x0000007500100016 is an unknown value
R12=0x0000000000000000 is an unknown value
R13=0x000000001d355bc8 is an unknown value
R14=0x0000000000000000 is an unknown value
R15=0x0000000000000000 is an unknown value


Stack: [0x000000001eba0000,0x000000001eca0000],  sp=0x000000001ec9f860,  free space=1022k
Native frames: (J=compiled Java code, j=interpreted, Vv=VM code, C=native code)
V  [jvm.dll+0x11a6a5]
V  [jvm.dll+0x33447d]
C  [jdwp.dll+0x21a09]
C  [jdwp.dll+0x53b3]
C  [jdwp.dll+0x5571]
C  [jdwp.dll+0xf09c]
C  [jdwp.dll+0x1f2c9]
C  [jdwp.dll+0x1f49e]
V  [jvm.dll+0x1ac128]
V  [jvm.dll+0x22c194]
V  [jvm.dll+0x28576a]
C  [msvcr100.dll+0x21d9f]
C  [msvcr100.dll+0x21e3b]
C  [kernel32.dll+0x159cd]
C  [ntdll.dll+0x2a561]


---------------  P R O C E S S  ---------------

Java Threads: ( => current thread )
  0x000000001d409800 JavaThread "Service Thread" daemon [_thread_blocked, id=17476, stack(0x000000001f6e0000,0x000000001f7e0000)]
  0x000000001d3b7800 JavaThread "C1 CompilerThread3" daemon [_thread_blocked, id=15296, stack(0x000000001f5b0000,0x000000001f6b0000)]
  0x000000001d373800 JavaThread "C2 CompilerThread2" daemon [_thread_blocked, id=15836, stack(0x000000001f3c0000,0x000000001f4c0000)]
  0x000000001d373000 JavaThread "C2 CompilerThread1" daemon [_thread_blocked, id=9972, stack(0x000000001ee80000,0x000000001ef80000)]
  0x000000001d37f000 JavaThread "C2 CompilerThread0" daemon [_thread_blocked, id=14576, stack(0x000000001f1c0000,0x000000001f2c0000)]
  0x000000001d367000 JavaThread "JDWP Command Reader" daemon [_thread_in_native, id=17196, stack(0x000000001efe0000,0x000000001f0e0000)]
  0x000000001d364000 JavaThread "JDWP Event Helper Thread" daemon [_thread_blocked, id=18380, stack(0x000000001ed40000,0x000000001ee40000)]
=>0x000000001d355000 JavaThread "JDWP Transport Listener: dt_socket" daemon [_thread_in_vm, id=16120, stack(0x000000001eba0000,0x000000001eca0000)]
  0x000000001d341800 JavaThread "Attach Listener" daemon [_thread_blocked, id=7904, stack(0x000000001e9c0000,0x000000001eac0000)]
  0x000000001d34e000 JavaThread "Signal Dispatcher" daemon [_thread_blocked, id=15076, stack(0x000000001e850000,0x000000001e950000)]
  0x000000001c16d000 JavaThread "Finalizer" daemon [_thread_blocked, id=9452, stack(0x000000001e730000,0x000000001e830000)]
  0x000000001c166800 JavaThread "Reference Handler" daemon [_thread_blocked, id=14300, stack(0x000000001e5f0000,0x000000001e6f0000)]
  0x000000000214f800 JavaThread "main" [_thread_blocked, id=18196, stack(0x00000000023e0000,0x00000000024e0000)]

Other Threads:
  0x000000001c15f800 VMThread [stack: 0x000000001e400000,0x000000001e500000] [id=14972]
  0x000000001d40a800 WatcherThread [stack: 0x000000001f820000,0x000000001f920000] [id=15244]

VM state:not at safepoint (normal execution)

VM Mutex/Monitor currently owned by a thread: None

Heap:
 PSYoungGen      total 76288K, used 6553K [0x000000076b500000, 0x0000000770a00000, 0x00000007c0000000)
  eden space 65536K, 10% used [0x000000076b500000,0x000000076bb667a0,0x000000076f500000)
  from space 10752K, 0% used [0x000000076ff80000,0x000000076ff80000,0x0000000770a00000)
  to   space 10752K, 0% used [0x000000076f500000,0x000000076f500000,0x000000076ff80000)
 ParOldGen       total 175104K, used 0K [0x00000006c1e00000, 0x00000006cc900000, 0x000000076b500000)
  object space 175104K, 0% used [0x00000006c1e00000,0x00000006c1e00000,0x00000006cc900000)
 Metaspace       used 3595K, capacity 4568K, committed 4864K, reserved 1056768K
  class space    used 402K, capacity 423K, committed 512K, reserved 1048576K

Card table byte_map: [0x00000000118a0000,0x00000000120a0000] byte_map_base: 0x000000000e291000

Marking Bits: (ParMarkBitMap*) 0x000000006fd2d4f0
 Begin Bits: [0x0000000013070000, 0x0000000016ff8000)
 End Bits:   [0x0000000016ff8000, 0x000000001af80000)

Polling page: 0x0000000000110000

CodeCache: size=245760Kb used=1186Kb max_used=1186Kb free=244573Kb
 bounds [0x00000000024e0000, 0x0000000002750000, 0x00000000114e0000]
 total_blobs=338 nmethods=83 adapters=177
 compilation: enabled

Compilation events (10 events):
Event: 0.099 Thread 0x000000001d3b7800   45  s    1       java.util.Vector::size (5 bytes)
Event: 0.099 Thread 0x000000001d3b7800 nmethod 45 0x0000000002601350 code [0x00000000026014a0, 0x0000000002601710]
Event: 0.099 Thread 0x000000001d3b7800   46       3       java.lang.String::indexOf (7 bytes)
Event: 0.099 Thread 0x000000001d3b7800 nmethod 46 0x0000000002601790 code [0x0000000002601900, 0x0000000002601b28]
Event: 0.099 Thread 0x000000001d3b7800   47       1       java.lang.ThreadLocal::access$400 (5 bytes)
Event: 0.099 Thread 0x000000001d3b7800 nmethod 47 0x0000000002601bd0 code [0x0000000002601d20, 0x0000000002601e10]
Event: 0.099 Thread 0x000000001d3b7800   48       1       java.lang.Object::<init> (1 bytes)
Event: 0.100 Thread 0x000000001d3b7800 nmethod 48 0x0000000002601e90 code [0x0000000002601fe0, 0x00000000026020f0]
Event: 0.103 Thread 0x000000001d3b7800   49       3       java.lang.AbstractStringBuilder::expandCapacity (50 bytes)
Event: 0.103 Thread 0x000000001d3b7800 nmethod 49 0x0000000002602390 code [0x0000000002602540, 0x0000000002602a98]

GC Heap History (0 events):
No events

Deoptimization events (0 events):
No events

Internal exceptions (7 events):
Event: 0.024 Thread 0x000000000214f800 Exception <a 'java/lang/NoSuchMethodError': Method sun.misc.Unsafe.defineClass(Ljava/lang/String;[BII)Ljava/lang/Class; name or signature does not match> (0x000000076b512188) thrown at [C:\workspace\8-2-build-windows-amd64-cygwin\jdk8u31\2394\hotspot\src\s˜¹±âç}˜?
Event: 0.024 Thread 0x000000000214f800 Exception <a 'java/lang/NoSuchMethodError': Method sun.misc.Unsafe.prefetchRead(Ljava/lang/Object;J)V name or signature does not match> (0x000000076b512418) thrown at [C:\workspace\8-2-build-windows-amd64-cygwin\jdk8u31\2394\hotspot\src\share\vm\prims\jni.«™ý+µ´?
Event: 0.081 Thread 0x000000000214f800 Exception <a 'java/security/PrivilegedActionException'> (0x000000076b5b6fc8) thrown at [C:\workspace\8-2-build-windows-amd64-cygwin\jdk8u31\2394\hotspot\src\share\vm\prims\jvm.cpp, line 1312]
Event: 8.355 Thread 0x000000000214f800 Exception <a 'java/lang/ClassNotFoundException': java/lang/Null> (0x000000076b629728) thrown at [C:\workspace\8-2-build-windows-amd64-cygwin\jdk8u31\2394\hotspot\src\share\vm\classfile\systemDictionary.cpp, line 202]
Event: 8.582 Thread 0x000000000214f800 Exception <a 'java/lang/NoSuchFieldError': method resolution failed> (0x000000076ba61698) thrown at [C:\workspace\8-2-build-windows-amd64-cygwin\jdk8u31\2394\hotspot\src\share\vm\prims\methodHandles.cpp, line 1159]
Event: 8.608 Thread 0x000000000214f800 Exception <a 'java/lang/NoSuchFieldError': method resolution failed> (0x000000076ba70290) thrown at [C:\workspace\8-2-build-windows-amd64-cygwin\jdk8u31\2394\hotspot\src\share\vm\prims\methodHandles.cpp, line 1159]
Event: 8.614 Thread 0x000000000214f800 Exception <a 'java/lang/NoSuchFieldError': method resolution failed> (0x000000076ba733f0) thrown at [C:\workspace\8-2-build-windows-amd64-cygwin\jdk8u31\2394\hotspot\src\share\vm\prims\methodHandles.cpp, line 1159]

Events (10 events):
Event: 643.824 Executing VM operation: ChangeBreakpoints
Event: 643.824 Executing VM operation: ChangeBreakpoints done
Event: 643.824 Executing VM operation: ChangeBreakpoints
Event: 643.824 Executing VM operation: ChangeBreakpoints done
Event: 643.825 Executing VM operation: RedefineClasses
Event: 643.825 Executing VM operation: RedefineClasses done
Event: 643.831 Executing VM operation: EnterInterpOnlyMode
Event: 643.831 Executing VM operation: EnterInterpOnlyMode done
Event: 643.833 Executing VM operation: ChangeBreakpoints
Event: 643.833 Executing VM operation: ChangeBreakpoints done


Dynamic libraries:
0x000000013f510000 - 0x000000013f544000 	F:\Program Files\Java\jdk1.8.0_31\bin\java.exe
0x00000000774a0000 - 0x000000007764a000 	C:\Windows\SYSTEM32\ntdll.dll
0x0000000077240000 - 0x000000007735f000 	C:\Windows\system32\kernel32.dll
0x000007fefd460000 - 0x000007fefd4ca000 	C:\Windows\system32\KERNELBASE.dll
0x000007fefe4a0000 - 0x000007fefe57b000 	C:\Windows\system32\ADVAPI32.dll
0x000007fefe0f0000 - 0x000007fefe18f000 	C:\Windows\system32\msvcrt.dll
0x000007fefe0d0000 - 0x000007fefe0ef000 	C:\Windows\SYSTEM32\sechost.dll
0x000007fefd5d0000 - 0x000007fefd6fd000 	C:\Windows\system32\RPCRT4.dll
0x0000000077140000 - 0x000000007723a000 	C:\Windows\system32\USER32.dll
0x000007fefe650000 - 0x000007fefe6b7000 	C:\Windows\system32\GDI32.dll
0x000007fefd520000 - 0x000007fefd52e000 	C:\Windows\system32\LPK.dll
0x000007fefe580000 - 0x000007fefe64a000 	C:\Windows\system32\USP10.dll
0x000007fefb8b0000 - 0x000007fefbaa4000 	C:\Windows\WinSxS\amd64_microsoft.windows.common-controls_6595b64144ccf1df_6.0.7601.18837_none_fa3b1e3d17594757\COMCTL32.dll
0x000007feff550000 - 0x000007feff5c1000 	C:\Windows\system32\SHLWAPI.dll
0x000007fefe3f0000 - 0x000007fefe41e000 	C:\Windows\system32\IMM32.DLL
0x000007fefdd20000 - 0x000007fefde29000 	C:\Windows\system32\MSCTF.dll
0x0000000078d20000 - 0x0000000078df2000 	F:\Program Files\Java\jdk1.8.0_31\jre\bin\msvcr100.dll
0x000000006f550000 - 0x000000006fdaa000 	F:\Program Files\Java\jdk1.8.0_31\jre\bin\server\jvm.dll
0x000007feefd50000 - 0x000007feefd59000 	C:\Windows\system32\WSOCK32.dll
0x000007fefd870000 - 0x000007fefd8bd000 	C:\Windows\system32\WS2_32.dll
0x000007fefe1b0000 - 0x000007fefe1b8000 	C:\Windows\system32\NSI.dll
0x000007fefd210000 - 0x000007fefd24b000 	C:\Windows\system32\WINMM.dll
0x0000000077670000 - 0x0000000077677000 	C:\Windows\system32\PSAPI.DLL
0x0000000060590000 - 0x000000006059f000 	F:\Program Files\Java\jdk1.8.0_31\jre\bin\verify.dll
0x0000000060560000 - 0x0000000060588000 	F:\Program Files\Java\jdk1.8.0_31\jre\bin\java.dll
0x000000006cca0000 - 0x000000006ccd5000 	F:\Program Files\Java\jdk1.8.0_31\jre\bin\jdwp.dll
0x0000000000130000 - 0x0000000000138000 	F:\Program Files\Java\jdk1.8.0_31\jre\bin\npt.dll
0x0000000070a70000 - 0x0000000070a86000 	F:\Program Files\Java\jdk1.8.0_31\jre\bin\zip.dll
0x000007fefe6c0000 - 0x000007feff449000 	C:\Windows\system32\SHELL32.dll
0x000007fefded0000 - 0x000007fefe0cc000 	C:\Windows\system32\ole32.dll
0x000007fefd0d0000 - 0x000007fefd0df000 	C:\Windows\system32\profapi.dll
0x000000006c8d0000 - 0x000000006c8d9000 	F:\Program Files\Java\jdk1.8.0_31\jre\bin\dt_socket.dll
0x000007fefc910000 - 0x000007fefc965000 	C:\Windows\system32\mswsock.dll
0x000007fefc240000 - 0x000007fefc247000 	C:\Windows\System32\wshtcpip.dll
0x000007fed4950000 - 0x000007fed4a75000 	C:\Windows\system32\dbghelp.dll

VM Arguments:
jvm_args: -agentlib:jdwp=transport=dt_socket,address=127.0.0.1:33346,suspend=y,server=n -Dfile.encoding=UTF-8 
java_command: org.caoliang.Main
java_class_path (initial): F:\Program Files\Java\jdk1.8.0_31\jre\lib\charsets.jar;F:\Program Files\Java\jdk1.8.0_31\jre\lib\deploy.jar;F:\Program Files\Java\jdk1.8.0_31\jre\lib\ext\access-bridge-64.jar;F:\Program Files\Java\jdk1.8.0_31\jre\lib\ext\cldrdata.jar;F:\Program Files\Java\jdk1.8.0_31\jre\lib\ext\dnsns.jar;F:\Program Files\Java\jdk1.8.0_31\jre\lib\ext\jaccess.jar;F:\Program Files\Java\jdk1.8.0_31\jre\lib\ext\jfxrt.jar;F:\Program Files\Java\jdk1.8.0_31\jre\lib\ext\localedata.jar;F:\Program Files\Java\jdk1.8.0_31\jre\lib\ext\nashorn.jar;F:\Program Files\Java\jdk1.8.0_31\jre\lib\ext\sunec.jar;F:\Program Files\Java\jdk1.8.0_31\jre\lib\ext\sunjce_provider.jar;F:\Program Files\Java\jdk1.8.0_31\jre\lib\ext\sunmscapi.jar;F:\Program Files\Java\jdk1.8.0_31\jre\lib\ext\sunpkcs11.jar;F:\Program Files\Java\jdk1.8.0_31\jre\lib\ext\zipfs.jar;F:\Program Files\Java\jdk1.8.0_31\jre\lib\javaws.jar;F:\Program Files\Java\jdk1.8.0_31\jre\lib\jce.jar;F:\Program Files\Java\jdk1.8.0_31\jre\lib\jfr.jar;F:\Program Files\Java\jdk1.8.0_31\jre\lib\jfxswt.jar;F:\Program Files\Java\jdk1.8.0_31\jre\lib\jsse.jar;F:\Program Files\Java\jdk1.8.0_31\jre\lib\management-agent.jar;F:\Program Files\Java\jdk1.8.0_31\jre\lib\plugin.jar;F:\Program Files\Java\jdk1.8.0_31\jre\lib\resources.jar;F:\Program Files\Java\jdk1.8.0_31\jre\lib\rt.jar;F:\Java×Ô²â\seltTest\out\production\seltTest;F:\Program Files (x86)\JetBrains\IntelliJ IDEA 2016.1.1\lib\idea_rt.jar
Launcher Type: SUN_STANDARD

Environment Variables:
JAVA_HOME=F:\Program Files\Java\jdk1.8.0_31
CLASSPATH=.;F:\Program Files\Java\jdk1.8.0_31\lib\dt.jar;F:\Program Files\Java\jdk1.8.0_31\lib\tools.jar;
PATH=C:\ProgramData\Oracle\Java\javapath;C:\Windows\system32;C:\Windows;C:\Windows\System32\Wbem;C:\Windows\System32\WindowsPowerShell\v1.0\;C:\Windows\system32\config\systemprofile\.dnx\bin;C:\Program Files\Microsoft DNX\Dnvm\;C:\Program Files\Microsoft SQL Server\120\Tools\Binn\;C:\Program Files\Microsoft SQL Server\120\DTS\Binn\;C:\Program Files\Microsoft SQL Server\Client SDK\ODBC\110\Tools\Binn\;C:\Program Files (x86)\Microsoft SQL Server\120\Tools\Binn\;C:\Program Files (x86)\Microsoft SQL Server\120\Tools\Binn\ManagementStudio\;C:\Program Files (x86)\Microsoft SQL Server\120\DTS\Binn\;C:\Program Files\TortoiseSVN\bin;C:\Program Files (x86)\VisualSVN\bin;C:\Program Files\Microsoft SQL Server\130\Tools\Binn\;;F:\Program Files\Java\jdk1.8.0_31\bin;F:\Program Files\apache-maven-3.3.9\bin;;F:\Microsoft VS Code\bin
USERNAME=jdd
OS=Windows_NT
PROCESSOR_IDENTIFIER=Intel64 Family 6 Model 94 Stepping 3, GenuineIntel



---------------  S Y S T E M  ---------------

OS: Windows 7 , 64 bit Build 7601 Service Pack 1

CPU:total 8 (4 cores per cpu, 2 threads per core) family 6 model 94 stepping 3, cmov, cx8, fxsr, mmx, sse, sse2, sse3, ssse3, sse4.1, sse4.2, popcnt, avx, avx2, aes, clmul, erms, rtm, lzcnt, ht, tsc, tscinvbit, bmi1, bmi2

Memory: 4k page, physical 16654248k(3685144k free), swap 33306636k(16205712k free)

vm_info: Java HotSpot(TM) 64-Bit Server VM (25.31-b07) for windows-amd64 JRE (1.8.0_31-b13), built on Dec 17 2014 21:00:28 by "java_re" with MS VC++ 10.0 (VS2010)

time: Thu Apr 27 17:18:30 2017
elapsed time: 643 seconds (0d 0h 10m 43s)

